<?xml version="1.0" encoding="UTF-8"?>
<!-- Generated by org.testng.reporters.JUnitReportReporter -->
<testsuite skipped="0" hostname="LAPTOP-UAU2BSC9" name="cucumber_parser.TestNGRunner" tests="3" failures="2" timestamp="2020-07-14T17:17:34 IST" time="1.625" errors="0">
  <testcase name="runScenario" time="0.970" classname="cucumber_parser.TestNGRunner">
    <failure type="java.lang.AssertionError" message="expected [http://localhost:8080/cucumber_parser/homepage.html] but found [null]">
      <![CDATA[java.lang.AssertionError: expected [http://localhost:8080/cucumber_parser/homepage.html] but found [null]
at org.testng.Assert.fail(Assert.java:97)
at org.testng.Assert.failNotEquals(Assert.java:969)
at org.testng.Assert.assertEqualsImpl(Assert.java:131)
at org.testng.Assert.assertEquals(Assert.java:118)
at org.testng.Assert.assertEquals(Assert.java:575)
at org.testng.Assert.assertEquals(Assert.java:585)
at StepDefinitions.LoginSteps.user_is_navigated_to_homepage(LoginSteps.java:72)
at ✽.user is navigated to homepage(file:///C:/Users/V.X.V.K/eclipse-workspace/cucumber_parser/src/test/resources/Features/login.feature:25)
]]>
    </failure>
  </testcase> <!-- runScenario -->
  <system-out/>
  <testcase name="runScenario" time="0.332" classname="cucumber_parser.TestNGRunner"/>
  <system-out/>
  <testcase name="runScenario" time="0.323" classname="cucumber_parser.TestNGRunner">
    <failure type="java.lang.AssertionError" message="expected [http://localhost:8080/cucumber_parser/homepage.html] but found [null]">
      <![CDATA[java.lang.AssertionError: expected [http://localhost:8080/cucumber_parser/homepage.html] but found [null]
at org.testng.Assert.fail(Assert.java:97)
at org.testng.Assert.failNotEquals(Assert.java:969)
at org.testng.Assert.assertEqualsImpl(Assert.java:131)
at org.testng.Assert.assertEquals(Assert.java:118)
at org.testng.Assert.assertEquals(Assert.java:575)
at org.testng.Assert.assertEquals(Assert.java:585)
at StepDefinitions.LoginSteps.user_is_navigated_to_homepage(LoginSteps.java:72)
at ✽.user is navigated to homepage(file:///C:/Users/V.X.V.K/eclipse-workspace/cucumber_parser/src/test/resources/Features/login.feature:25)
]]>
    </failure>
  </testcase> <!-- runScenario -->
  <system-out/>
</testsuite> <!-- cucumber_parser.TestNGRunner -->
